<?xml version="1.0" encoding="UTF-8"?>
<testng-results ignored="0" total="3" passed="3" failed="0" skipped="0">
  <reporter-output>
  </reporter-output>
  <suite started-at="2024-10-04T10:38:54 IST" name="Suite" finished-at="2024-10-04T10:39:25 IST" duration-ms="31133">
    <groups>
    </groups>
    <test started-at="2024-10-04T10:38:54 IST" name="Test3" finished-at="2024-10-04T10:39:22 IST" duration-ms="28248">
      <class name="com.SeleniumGrid.ParallelTestOnGrid">
        <test-method signature="testParallel(java.lang.String)[pri:0, instance:com.SeleniumGrid.ParallelTestOnGrid@436813f3]" started-at="2024-10-04T10:38:54 IST" name="testParallel" finished-at="2024-10-04T10:39:22 IST" duration-ms="28183" status="PASS">
          <params>
            <param index="0">
              <value>
                <![CDATA[edge]]>
              </value>
            </param>
          </params>
          <reporter-output>
          </reporter-output>
        </test-method> <!-- testParallel -->
      </class> <!-- com.SeleniumGrid.ParallelTestOnGrid -->
    </test> <!-- Test3 -->
    <test started-at="2024-10-04T10:38:54 IST" name="Test1" finished-at="2024-10-04T10:39:24 IST" duration-ms="30604">
      <class name="com.SeleniumGrid.ParallelTestOnGrid">
        <test-method signature="testParallel(java.lang.String)[pri:0, instance:com.SeleniumGrid.ParallelTestOnGrid@333291e3]" started-at="2024-10-04T10:38:54 IST" name="testParallel" finished-at="2024-10-04T10:39:24 IST" duration-ms="30545" status="PASS">
          <params>
            <param index="0">
              <value>
                <![CDATA[chrome]]>
              </value>
            </param>
          </params>
          <reporter-output>
          </reporter-output>
        </test-method> <!-- testParallel -->
      </class> <!-- com.SeleniumGrid.ParallelTestOnGrid -->
    </test> <!-- Test1 -->
    <test started-at="2024-10-04T10:38:54 IST" name="Test2" finished-at="2024-10-04T10:39:25 IST" duration-ms="31133">
      <class name="com.SeleniumGrid.ParallelTestOnGrid">
        <test-method signature="testParallel(java.lang.String)[pri:0, instance:com.SeleniumGrid.ParallelTestOnGrid@49ec71f8]" started-at="2024-10-04T10:38:54 IST" name="testParallel" finished-at="2024-10-04T10:39:25 IST" duration-ms="31074" status="PASS">
          <params>
            <param index="0">
              <value>
                <![CDATA[firefox]]>
              </value>
            </param>
          </params>
          <reporter-output>
          </reporter-output>
        </test-method> <!-- testParallel -->
      </class> <!-- com.SeleniumGrid.ParallelTestOnGrid -->
    </test> <!-- Test2 -->
  </suite> <!-- Suite -->
</testng-results>
